<?xml version="1.0" encoding="UTF-8"?>
<!-- Generated by org.testng.reporters.JUnitReportReporter -->
<testsuite name="TestNG.Ignore_Test" tests="2" time="0.098" ignored="1" failures="0" timestamp="18 Jan 2022 06:42:46 GMT" skipped="0" hostname="DESKTOP-6BTLH7J" errors="0">
  <testcase name="Desktop" time="0.078" classname="TestNG.Ignore_Test"/>
  <testcase name="Laptop" time="0.020" classname="TestNG.Ignore_Test"/>
  <testcase name="Television" classname="TestNG.Ignore_Test">
    <skipped/>
  </testcase> <!-- Television -->
</testsuite> <!-- TestNG.Ignore_Test -->
