<?xml version="1.0" encoding="UTF-8"?>
<!-- Generated by org.testng.reporters.JUnitReportReporter -->
<testsuite name="TestNG.Priority_Test" tests="6" time="0.119" ignored="0" failures="0" timestamp="18 Jan 2022 06:42:53 GMT" skipped="0" hostname="DESKTOP-6BTLH7J" errors="0">
  <testcase name="browserLaunch" time="0.007" classname="TestNG.Priority_Test"/>
  <testcase name="womens_Shirt" time="0.010" classname="TestNG.Priority_Test"/>
  <testcase name="signout" time="0.034" classname="TestNG.Priority_Test"/>
  <testcase name="setProperty" time="0.036" classname="TestNG.Priority_Test"/>
  <testcase name="GetURL" time="0.018" classname="TestNG.Priority_Test"/>
  <testcase name="signin" time="0.014" classname="TestNG.Priority_Test"/>
</testsuite> <!-- TestNG.Priority_Test -->
