<?xml version="1.0" encoding="UTF-8"?>
<!-- Generated by org.testng.reporters.JUnitReportReporter -->
<testsuite name="TestNG.Simple_Annotations" tests="3" time="0.056" ignored="0" failures="0" timestamp="09 Jan 2022 14:06:50 GMT" skipped="0" hostname="DESKTOP-6BTLH7J" errors="0">
  <testcase name="tshirts" time="0.006" classname="TestNG.Simple_Annotations"/>
  <testcase name="women" time="0.013" classname="TestNG.Simple_Annotations"/>
  <testcase name="dress" time="0.037" classname="TestNG.Simple_Annotations"/>
</testsuite> <!-- TestNG.Simple_Annotations -->
